
> phasergamejam@1.0.0 build
> vite build

[36mvite v7.3.1 [32mbuilding client environment for production...[36m[39m
node.exe : [33mUnknown 
input options: 
inlineDynamicImports. 
Allowed options: cache, 
context, 
experimentalCacheExpiry, 
experimentalLogSideEffect
s, external, fs, input, 
jsx, logLevel, makeAbsolu
teExternalsRelative, 
maxParallelFileOps, 
moduleContext, onLog, 
onwarn, perf, plugins, 
preserveEntrySignatures, 
preserveSymlinks, 
shimMissingExports, 
strictDeprecations, 
treeshake, watch[39m
In riga:1 car:1
+ & "C:\Program 
Files\nodejs/node.exe" 
"C:\Program 
Files\nodejs/node_mo ...
+ ~~~~~~~~~~~~~~~~~~~~~~~
~~~~~~~~~~~~~~~~~~~~~~~~~
~~~~~~~~~~~~~~~~~~~~~
    + CategoryInfo       
       : NotSpecified:   
  ([33mUnknown in...a   
 ke, watch[39m:Strin    
g) [], RemoteExcepti    
on
    + FullyQualifiedErro 
   rId : NativeCommandE  
  rror
 
transforming...
[32m[39m 23 modules transformed.
[31m[39m Build 
failed in 183ms
[31merror during build:
[31mInvalid value for 
option 
"output.manualChunks" - 
this option is not 
supported for "output.inl
ineDynamicImports".[31m
    at getRollupError (fi
le:///C:/Users/angel/Desk
top/phasergamejam/node_mo
dules/rollup/dist/es/shar
ed/parseAst.js:402:41)
    at error (file:///C:/
Users/angel/Desktop/phase
rgamejam/node_modules/rol
lup/dist/es/shared/parseA
st.js:398:42)
    at getManualChunks (f
ile:///C:/Users/angel/Des
ktop/phasergamejam/node_m
odules/rollup/dist/es/sha
red/node-entry.js:23407:2
0)
    at 
normalizeOutputOptions (f
ile:///C:/Users/angel/Des
ktop/phasergamejam/node_m
odules/rollup/dist/es/sha
red/node-entry.js:23194:2
3)
    at getOutputOptions (
file:///C:/Users/angel/De
sktop/phasergamejam/node_
modules/rollup/dist/es/sh
ared/node-entry.js:23584:
12)
    at getOutputOptionsAn
dPluginDriver (file:///C:
/Users/angel/Desktop/phas
ergamejam/node_modules/ro
llup/dist/es/shared/node-
entry.js:23579:19)
    at async 
handleGenerateWrite (file
:///C:/Users/angel/Deskto
p/phasergamejam/node_modu
les/rollup/dist/es/shared
/node-entry.js:23555:74)
    at async 
buildEnvironment (file://
/C:/Users/angel/Desktop/p
hasergamejam/node_modules
/vite/dist/node/chunks/co
nfig.js:33543:64)
    at async 
Object.build (file:///C:/
Users/angel/Desktop/phase
rgamejam/node_modules/vit
e/dist/node/chunks/config
.js:33900:19)
    at async 
Object.buildApp (file:///
C:/Users/angel/Desktop/ph
asergamejam/node_modules/
vite/dist/node/chunks/con
fig.js:33897:153)[39m
